[04Jan2025 00:39:25.658] [Server thread/INFO] [net.minecraft.server.players.PlayerList/]: Naterah[/127.141.130.80:42849] logged in with entity id 1695 at (-375.69999998807907, 119.0, 519.3000000119209)
[04Jan2025 00:39:25.752] [Server thread/INFO] [net.minecraft.server.MinecraftServer/]: Naterah joined the game
[04Jan2025 00:39:27.543] [Server thread/INFO] [voicechat/]: [voicechat] Received secret request of Naterah (18)
[04Jan2025 00:39:27.545] [Server thread/INFO] [voicechat/]: [voicechat] Sent secret to Naterah
[04Jan2025 00:39:33.708] [VoiceChatPacketProcessingThread/INFO] [voicechat/]: [voicechat] Successfully authenticated player a981cd7e-0d5b-3630-b1b9-48122cfcb6f3
[04Jan2025 00:39:34.707] [VoiceChatPacketProcessingThread/INFO] [voicechat/]: [voicechat] Successfully validated connection of player a981cd7e-0d5b-3630-b1b9-48122cfcb6f3
[04Jan2025 00:39:34.707] [VoiceChatPacketProcessingThread/INFO] [voicechat/]: [voicechat] Player Naterah (a981cd7e-0d5b-3630-b1b9-48122cfcb6f3) successfully connected to voice chat
[04Jan2025 00:53:58.292] [Server thread/INFO] [net.minecraft.server.network.ServerGamePacketListenerImpl/]: Naterah lost connection: Disconnected
[04Jan2025 00:53:58.293] [Server thread/INFO] [net.minecraft.server.MinecraftServer/]: Naterah left the game
[04Jan2025 00:53:58.294] [Server thread/INFO] [voicechat/]: [voicechat] Disconnecting client Naterah
[04Jan2025 00:53:58.432] [Server thread/INFO] [net.minecraft.server.MinecraftServer/]: Stopping server
[04Jan2025 00:53:58.433] [Server thread/INFO] [net.minecraft.server.MinecraftServer/]: Saving players
[04Jan2025 00:53:58.433] [Server thread/INFO] [net.minecraft.server.MinecraftServer/]: Saving worlds
[04Jan2025 00:53:58.537] [Server thread/INFO] [net.minecraft.server.MinecraftServer/]: Saving chunks for level 'ServerLevel[world]'/minecraft:overworld
[04Jan2025 00:53:58.684] [Server thread/INFO] [net.minecraft.server.MinecraftServer/]: Saving chunks for level 'ServerLevel[world]'/minecraft:the_nether
[04Jan2025 00:53:58.686] [Server thread/INFO] [net.minecraft.server.MinecraftServer/]: Saving chunks for level 'ServerLevel[world]'/minecraft:the_end
[04Jan2025 00:53:58.746] [Server thread/INFO] [net.minecraft.server.MinecraftServer/]: ThreadedAnvilChunkStorage (world): All chunks are saved
[04Jan2025 00:53:58.747] [Server thread/INFO] [net.minecraft.server.MinecraftServer/]: ThreadedAnvilChunkStorage (DIM-1): All chunks are saved
[04Jan2025 00:53:58.747] [Server thread/INFO] [net.minecraft.server.MinecraftServer/]: ThreadedAnvilChunkStorage (DIM1): All chunks are saved
[04Jan2025 00:53:58.747] [Server thread/INFO] [net.minecraft.server.MinecraftServer/]: ThreadedAnvilChunkStorage: All dimensions are saved
[04Jan2025 00:53:58.780] [Server thread/INFO] [FTB Chunks/]: Shutting down map thread
